{"name": "test_create_tba_request", "status": "failed", "statusDetails": {"message": "AssertionError: Bad Status code. Expected: 200, Actual: 400.", "trace": "self = <test_ebanq_qa_suite.TestEbanqQaSuite object at 0x000002847AE373A0>, app = <fixture.application.Application object at 0x000002847ABD65B0>, auth_user = None\n\n    @pytest.mark.tba_requests\n    def test_create_tba_request(self, app, auth_user):\n>       app.tba_requests_actions.create_request(source_name=app.config['tba_requests']['source_name'])\n\ntest_ebanq_qa_suite.py:39: \n_ _ _ _ _ _ _ _ _ _ _ _ _ _ _ _ _ _ _ _ _ _ _ _ _ _ _ _ _ _ _ _ _ _ _ _ _ _ _ _ _ _ _ _ _ _ _ _ _ _ _ _ _ _ _ _ _ _ _ _ _ _ _ _ _ _ _ _ _ _ _ _ _ _ _ _ _ _ _ _ _ _ _ _ _ _ _ _ _ _ _ _ _ _ _ _ _ _ _ _ _ _ _ _ _ _ _ _ _ _ _ _ _ _ _ _\n..\\actions\\tba_requests.py:24: in create_request\n    self.response = self.request_util.post(endpoint, data=data)\n..\\utilities\\requests_utility.py:51: in post\n    self.assert_status_code(status_code, expected_status_code)\n_ _ _ _ _ _ _ _ _ _ _ _ _ _ _ _ _ _ _ _ _ _ _ _ _ _ _ _ _ _ _ _ _ _ _ _ _ _ _ _ _ _ _ _ _ _ _ _ _ _ _ _ _ _ _ _ _ _ _ _ _ _ _ _ _ _ _ _ _ _ _ _ _ _ _ _ _ _ _ _ _ _ _ _ _ _ _ _ _ _ _ _ _ _ _ _ _ _ _ _ _ _ _ _ _ _ _ _ _ _ _ _ _ _ _ _\n\nactual_status_code = 400, expected_status_code = 200\n\n    @staticmethod\n    def assert_status_code(actual_status_code, expected_status_code):\n>       assert actual_status_code == expected_status_code, f\"Bad Status code. \" \\\n                                                           f\"Expected: {expected_status_code}, \" \\\n                                                           f\"Actual: {actual_status_code}.\"\nE       AssertionError: Bad Status code. Expected: 200, Actual: 400.\n\n..\\utilities\\requests_utility.py:69: AssertionError"}, "steps": [{"name": "Create new request from user account", "status": "failed", "statusDetails": {"message": "AssertionError: Bad Status code. Expected: 200, Actual: 400.\n", "trace": "  File \"c:\\users\\aliaksei.mashko\\pycharmprojects\\test_api_python\\env\\lib\\site-packages\\allure_commons\\_allure.py\", line 172, in impl\n    return func(*a, **kw)\n  File \"C:\\Users\\Aliaksei.Mashko\\PycharmProjects\\test_api_python\\actions\\tba_requests.py\", line 24, in create_request\n    self.response = self.request_util.post(endpoint, data=data)\n  File \"C:\\Users\\Aliaksei.Mashko\\PycharmProjects\\test_api_python\\utilities\\requests_utility.py\", line 51, in post\n    self.assert_status_code(status_code, expected_status_code)\n  File \"C:\\Users\\Aliaksei.Mashko\\PycharmProjects\\test_api_python\\utilities\\requests_utility.py\", line 69, in assert_status_code\n    assert actual_status_code == expected_status_code, f\"Bad Status code. \" \\\n"}, "parameters": [{"name": "source_name", "value": "'tba_request.json'"}], "start": 1609922391675, "stop": 1609922497275}], "attachments": [{"name": "log", "source": "3b9e514d-425e-4c5e-8f94-0f359193c8f1-attachment.txt", "type": "text/plain"}], "start": 1609922391675, "stop": 1609922497275, "uuid": "9e9ad5d3-0cf6-4786-9943-b62af709f86d", "historyId": "502b72d8e9240e8a5fce261753ef7674", "testCaseId": "ffa5af44f2bb17379d04859de282ec03", "fullName": "tests.test_ebanq_qa_suite.TestEbanqQaSuite#test_create_tba_request", "labels": [{"name": "tag", "value": "ebanq_qa"}, {"name": "tag", "value": "tba_requests"}, {"name": "parentSuite", "value": "tests"}, {"name": "suite", "value": "test_ebanq_qa_suite"}, {"name": "subSuite", "value": "TestEbanqQaSuite"}, {"name": "host", "value": "wsb-008-72"}, {"name": "thread", "value": "16016-MainThread"}, {"name": "framework", "value": "pytest"}, {"name": "language", "value": "cpython3"}, {"name": "package", "value": "tests.test_ebanq_qa_suite"}]}